<?xml version="1.0" encoding="UTF-8"?>
<testsuite xmlns:xsi="http://www.w3.org/2001/XMLSchema-instance" xsi:noNamespaceSchemaLocation="https://maven.apache.org/surefire/maven-surefire-plugin/xsd/surefire-test-report.xsd" name="ru.praktikum.user.UserLoginTest" time="14.938" tests="5" errors="0" skipped="0" failures="0">
  <properties>
[...]
</properties>
  <testcase name="loginWithoutEmailTest" classname="ru.praktikum.user.UserLoginTest" time="2.853"/>
  <testcase name="loginUserWithWrongEmailTest" classname="ru.praktikum.user.UserLoginTest" time="3.065"/>
  <testcase name="currentLoginTest" classname="ru.praktikum.user.UserLoginTest" time="2.973"/>
  <testcase name="loginUserWithWrongPasswordTest" classname="ru.praktikum.user.UserLoginTest" time="3.085"/>
  <testcase name="loginWithoutPasswordTest" classname="ru.praktikum.user.UserLoginTest" time="2.956"/>
</testsuite>